0 info it worked if it ends with ok
1 verbose cli [ 'D:\\Nodejs\\node.exe',
1 verbose cli   'D:\\Nodejs\\node_modules\\npm\\bin\\npm-cli.js',
1 verbose cli   'start' ]
2 info using npm@3.10.10
3 info using node@v6.11.4
4 verbose run-script [ 'prestart', 'start', 'poststart' ]
5 info lifecycle seedclient@0.1.0~prestart: seedclient@0.1.0
6 silly lifecycle seedclient@0.1.0~prestart: no script for prestart, continuing
7 info lifecycle seedclient@0.1.0~start: seedclient@0.1.0
8 verbose lifecycle seedclient@0.1.0~start: unsafe-perm in lifecycle true
9 verbose lifecycle seedclient@0.1.0~start: PATH: D:\Nodejs\node_modules\npm\bin\node-gyp-bin;D:\NodeApps\CA3-Group4\Group4-CA3\Group4-CA3-WebApp\node_modules\.bin;C:\ProgramData\Oracle\Java\javapath;C:\WINDOWS\system32;C:\WINDOWS;C:\WINDOWS\System32\Wbem;C:\WINDOWS\System32\WindowsPowerShell\v1.0\;C:\Program Files (x86)\NVIDIA Corporation\PhysX\Common;C:\WINDOWS\system32\config\systemprofile\.dnx\bin;C:\Program Files\Microsoft DNX\Dnvm\;C:\Program Files\Microsoft SQL Server\130\Tools\Binn\;C:\Program Files (x86)\GtkSharp\2.12\bin;C:\Brackets\command;"D:\Apache maven\apache-maven-3.5.0";C:\WINDOWS\system32;C:\WINDOWS;C:\WINDOWS\System32\Wbem;C:\WINDOWS\System32\WindowsPowerShell\v1.0\;D:\Nodejs\;C:\Program Files\MySQL\MySQL Utilities 1.6\;D:\NVPACK\gradle-2.2.1\bin;D:\NVPACK\apache-ant-1.8.2\bin;D:\NVPACK\jdk1.7.0_71\bin;D:\NVPACK\android-ndk-r11c;D:\NVPACK\android-sdk-windows\extras\android\support;D:\NVPACK\android-sdk-windows\build-tools;D:\NVPACK\android-sdk-windows\platform-tools;D:\NVPACK\android-sdk-windows\tools;C:\Users\Farkas\AppData\Local\Microsoft\WindowsApps;D:\Apache maven\apache-maven-3.5.0;;D:\Microsoft VS Code\bin;C:\Users\Farkas\AppData\Roaming\npm
10 verbose lifecycle seedclient@0.1.0~start: CWD: D:\NodeApps\CA3-Group4\Group4-CA3\Group4-CA3-WebApp
11 silly lifecycle seedclient@0.1.0~start: Args: [ '/d /s /c', 'react-scripts start' ]
12 verbose stack Error: kill ENOSYS
12 verbose stack     at Object.exports._errnoException (util.js:1020:11)
12 verbose stack     at process.kill (internal/process.js:191:18)
12 verbose stack     at process.listener (D:\Nodejs\node_modules\npm\node_modules\npmlog\node_modules\gauge\node_modules\signal-exit\index.js:86:15)
12 verbose stack     at emitNone (events.js:91:20)
12 verbose stack     at process.emit (events.js:185:7)
12 verbose stack     at processEmit (D:\Nodejs\node_modules\npm\node_modules\npmlog\node_modules\gauge\node_modules\signal-exit\index.js:146:32)
12 verbose stack     at processEmit (D:\Nodejs\node_modules\npm\node_modules\npm-registry-client\node_modules\npmlog\node_modules\gauge\node_modules\signal-exit\index.js:146:32)
12 verbose stack     at Signal.wrap.onsignal (internal/process.js:217:44)
13 verbose cwd D:\NodeApps\CA3-Group4\Group4-CA3\Group4-CA3-WebApp
14 error Windows_NT 10.0.15063
15 error argv "D:\\Nodejs\\node.exe" "D:\\Nodejs\\node_modules\\npm\\bin\\npm-cli.js" "start"
16 error node v6.11.4
17 error npm  v3.10.10
18 error code ENOSYS
19 error errno ENOSYS
20 error syscall kill
21 error kill ENOSYS
22 error If you need help, you may report this error at:
22 error     <https://github.com/npm/npm/issues>
23 verbose exit [ 1, true ]
